<?xml version="1.0" encoding="UTF-8"?>
<!-- Generated by org.testng.reporters.JUnitXMLReporter -->
<testsuite ignored="1" hostname="Omar-Mokhtar" failures="0" tests="2" name="Default test" time="18.217" errors="0" timestamp="2025-06-28T02:41:57 EEST">
  <testcase classname="Omar.Tests.SubmitOrderTest" name="submitOrder" time="5.364"/>
  <testcase classname="Omar.Tests.SubmitOrderTest" name="submitOrder" time="4.944"/>
  <testcase classname="Omar.Tests.SubmitOrderTest" name="checkingOrderHistory" time="0.0">
    <ignored/>
  </testcase> <!-- checkingOrderHistory -->
</testsuite> <!-- Default test -->
