<?xml version="1.0" encoding="UTF-8"?>
<!-- Generated by org.testng.reporters.JUnitXMLReporter -->
<testsuite ignored="0" hostname="Omar-Mokhtar" failures="0" tests="3" name="Error Validation Test" time="15.759" errors="0" timestamp="2025-06-28T02:53:03 EEST">
  <testcase classname="Omar.Tests.errorValidationTest" name="emailErrorValidation" time="0.6"/>
  <testcase classname="Omar.Tests.errorValidationTest" name="emptyCartErrorValidation" time="0.968"/>
  <testcase classname="Omar.Tests.errorValidationTest" name="passwordErrorValidation" time="1.324"/>
</testsuite> <!-- Error Validation Test -->
