<?xml version="1.0" encoding="UTF-8"?>
<!-- Generated by org.testng.reporters.JUnitXMLReporter -->
<testsuite ignored="0" hostname="Omar-Mokhtar" failures="0" tests="4" name="Submit Order Test" time="28.937" errors="0" timestamp="2025-06-28T02:53:15 EEST">
  <testcase classname="Omar.Tests.SubmitOrderTest" name="submitOrder" time="5.664"/>
  <testcase classname="Omar.Tests.SubmitOrderTest" name="submitOrder" time="5.352"/>
  <testcase classname="Omar.Tests.SubmitOrderTest" name="checkingOrderHistory" time="0.973"/>
  <testcase classname="Omar.Tests.SubmitOrderTest" name="checkingOrderHistory" time="0.876"/>
</testsuite> <!-- Submit Order Test -->
